<?xml version="1.0" encoding="UTF-8"?>
<!-- Generated by org.testng.reporters.JUnitXMLReporter -->
<testsuite ignored="0" hostname="DESKTOP-RTCUCDH" failures="0" tests="2" name="DemoblazePracticeTest" time="21.336" errors="0" timestamp="2023-01-29T15:26:17 IST">
  <testcase classname="com.demoblaze.TestLayer.BuyPhones" name="buyPhonesWithoutLogin" time="7.219"/>
  <testcase classname="com.demoblaze.TestLayer.LoginFunctionality" name="verifyUserLoginOnHomePage" time="5.393"/>
</testsuite> <!-- DemoblazePracticeTest -->
